Arguments: 
  /home/marcos/.nvm/versions/node/v16.15.1/bin/node /home/marcos/.nvm/versions/node/v16.15.1/bin/yarn add bootstrap

PATH: 
  ./bin:./node_modules/.bin:/home/marcos/.pyenv/bin:/home/marcos/.rbenv/shims:/home/marcos/.rbenv/bin:/home/marcos/.nvm/versions/node/v16.15.1/bin:./bin:./node_modules/.bin:/home/marcos/.pyenv/bin:/home/marcos/.rbenv/shims:/home/marcos/.rbenv/bin:./bin:./node_modules/.bin:/home/marcos/.pyenv/bin:/home/marcos/.rbenv/shims:/home/marcos/.rbenv/bin:/usr/local/sbin:/usr/local/bin:/usr/sbin:/usr/bin:/sbin:/bin:/usr/games:/usr/local/games:/usr/lib/wsl/lib:/mnt/c/Users/marco/AppData/Local/Programs/Microsoft VS Code/bin:/mnt/c/Python310/Scripts/:/mnt/c/Python310/:/mnt/c/WINDOWS/system32:/mnt/c/WINDOWS:/mnt/c/WINDOWS/System32/Wbem:/mnt/c/WINDOWS/System32/WindowsPowerShell/v1.0/:/mnt/c/WINDOWS/System32/OpenSSH/:/mnt/c/Program Files (x86)/NVIDIA Corporation/PhysX/Common:/mnt/c/Program Files/nodejs/:/mnt/c/ProgramData/chocolatey/bin:/mnt/c/Program Files/Microsoft SQL Server/150/Tools/Binn/:/mnt/c/Program Files/Git/cmd:/mnt/c/Program Files/dotnet/:/mnt/c/Users/marco/AppData/Local/Microsoft/WindowsApps:/mnt/c/Users/marco/AppData/Roaming/npm:/usr/local/sbin:/usr/local/sbin:/usr/local/sbin

Yarn version: 
  1.22.19

Node version: 
  16.15.1

Platform: 
  linux x64

Trace: 
  Error: https://registry.yarnpkg.com/bootstrap: ETIMEDOUT
      at Timeout._onTimeout (/home/marcos/.nvm/versions/node/v16.15.1/lib/node_modules/yarn/lib/cli.js:141550:19)
      at listOnTimeout (node:internal/timers:559:17)
      at processTimers (node:internal/timers:502:7)

npm manifest: 
  No manifest

yarn manifest: 
  No manifest

Lockfile: 
  No lockfile
